c:\программирование на яву\lectures_2013\lecture_1\primer_1\debug\vc140.pdb
c:\программирование на яву\lectures_2013\lecture_1\primer_1\debug\vc140.idb
c:\программирование на яву\lectures_2013\lecture_1\primer_1\debug\one.obj
c:\программирование на яву\lectures_2013\lecture_1\primer_1\debug\main.obj
c:\программирование на яву\lectures_2013\lecture_1\primer_1\debug\primer_1.exe.embed.manifest
c:\программирование на яву\lectures_2013\lecture_1\primer_1\debug\primer_1.exe.intermediate.manifest
c:\программирование на яву\lectures_2013\lecture_1\primer_1\debug\primer_1.exe.embed.manifest.res
c:\программирование на яву\lectures_2013\lecture_1\primer_1\debug\vc90.idb
c:\программирование на яву\lectures_2013\lecture_1\primer_1\debug\primer_1.pdb
c:\программирование на яву\lectures_2013\lecture_1\primer_1\debug\vc90.pdb
c:\программирование на яву\lectures_2013\lecture_1\primer_1\debug\primer_1.tlog\cl.command.1.tlog
c:\программирование на яву\lectures_2013\lecture_1\primer_1\debug\primer_1.tlog\cl.read.1.tlog
c:\программирование на яву\lectures_2013\lecture_1\primer_1\debug\primer_1.tlog\cl.write.1.tlog
c:\программирование на яву\lectures_2013\lecture_1\primer_1\debug\primer_1.tlog\link-cvtres.read.1.tlog
c:\программирование на яву\lectures_2013\lecture_1\primer_1\debug\primer_1.tlog\link-cvtres.write.1.tlog
c:\программирование на яву\lectures_2013\lecture_1\primer_1\debug\primer_1.tlog\link-rc.read.1.tlog
c:\программирование на яву\lectures_2013\lecture_1\primer_1\debug\primer_1.tlog\link-rc.write.1.tlog
c:\программирование на яву\lectures_2013\lecture_1\primer_1\debug\primer_1.tlog\link.command.1.tlog
c:\программирование на яву\lectures_2013\lecture_1\primer_1\debug\primer_1.tlog\link.read.1.tlog
c:\программирование на яву\lectures_2013\lecture_1\primer_1\debug\primer_1.tlog\link.write.1.tlog
