D:\WORK\ЭиУ-I\LECTURES_2012\LECTURE_9\PRIMER_FILES\DEBUG\FILES.OBJ
D:\WORK\ЭиУ-I\LECTURES_2012\LECTURE_9\PRIMER_FILES\DEBUG\PRIMER_FILES.EXE
D:\WORK\ЭиУ-I\LECTURES_2012\LECTURE_9\PRIMER_FILES\DEBUG\PRIMER_FILES.EXE.EMBED.MANIFEST.RES
D:\WORK\ЭиУ-I\LECTURES_2012\LECTURE_9\PRIMER_FILES\DEBUG\PRIMER_FILES.EXE.INTERMEDIATE.MANIFEST
D:\WORK\ЭиУ-I\LECTURES_2012\LECTURE_9\PRIMER_FILES\DEBUG\PRIMER_FILES.ILK
D:\WORK\ЭИУ-I\LECTURES_2012\LECTURE_9\PRIMER_FILES\DEBUG\PRIMER_FILES.PDB
D:\WORK\ЭИУ-I\LECTURES_2012\LECTURE_9\PRIMER_FILES\DEBUG\VC100.PDB
D:\Work\ЭиУ-I\Lectures_2013\Lecture_9\Primer_Files\Debug\cl.command.1.tlog
D:\Work\ЭиУ-I\Lectures_2013\Lecture_9\Primer_Files\Debug\CL.read.1.tlog
D:\Work\ЭиУ-I\Lectures_2013\Lecture_9\Primer_Files\Debug\CL.write.1.tlog
D:\WORK\ЭиУ-I\LECTURES_2013\LECTURE_9\PRIMER_FILES\DEBUG\FILES.OBJ
D:\Work\ЭиУ-I\Lectures_2013\Lecture_9\Primer_Files\Debug\link.1744.read.1.tlog
D:\Work\ЭиУ-I\Lectures_2013\Lecture_9\Primer_Files\Debug\link.1744.write.1.tlog
D:\Work\ЭиУ-I\Lectures_2013\Lecture_9\Primer_Files\Debug\link.1744-cvtres.read.1.tlog
D:\Work\ЭиУ-I\Lectures_2013\Lecture_9\Primer_Files\Debug\link.1744-cvtres.write.1.tlog
D:\Work\ЭиУ-I\Lectures_2013\Lecture_9\Primer_Files\Debug\link.command.1.tlog
D:\Work\ЭиУ-I\Lectures_2013\Lecture_9\Primer_Files\Debug\link.read.1.tlog
D:\Work\ЭиУ-I\Lectures_2013\Lecture_9\Primer_Files\Debug\link.write.1.tlog
D:\Work\ЭиУ-I\Lectures_2013\Lecture_9\Primer_Files\Debug\link-cvtres.read.1.tlog
D:\Work\ЭиУ-I\Lectures_2013\Lecture_9\Primer_Files\Debug\link-cvtres.write.1.tlog
D:\Work\ЭиУ-I\Lectures_2013\Lecture_9\Primer_Files\Debug\mt.command.1.tlog
D:\Work\ЭиУ-I\Lectures_2013\Lecture_9\Primer_Files\Debug\mt.read.1.tlog
D:\Work\ЭиУ-I\Lectures_2013\Lecture_9\Primer_Files\Debug\mt.write.1.tlog
D:\WORK\ЭиУ-I\LECTURES_2013\LECTURE_9\PRIMER_FILES\DEBUG\PRIMER_FILES.EXE
D:\Work\ЭиУ-I\Lectures_2013\Lecture_9\Primer_Files\Debug\Primer_Files.exe.embed.manifest
D:\WORK\ЭиУ-I\LECTURES_2013\LECTURE_9\PRIMER_FILES\DEBUG\PRIMER_FILES.EXE.EMBED.MANIFEST.RES
D:\WORK\ЭиУ-I\LECTURES_2013\LECTURE_9\PRIMER_FILES\DEBUG\PRIMER_FILES.EXE.INTERMEDIATE.MANIFEST
D:\WORK\ЭиУ-I\LECTURES_2013\LECTURE_9\PRIMER_FILES\DEBUG\PRIMER_FILES.ILK
D:\WORK\ЭИУ-I\LECTURES_2013\LECTURE_9\PRIMER_FILES\DEBUG\PRIMER_FILES.PDB
D:\Work\ЭиУ-I\Lectures_2013\Lecture_9\Primer_Files\Debug\Primer_Files.vcxprojResolveAssemblyReference.cache
D:\Work\ЭиУ-I\Lectures_2013\Lecture_9\Primer_Files\Debug\Primer_Files.write.1.tlog
D:\Work\ЭиУ-I\Lectures_2013\Lecture_9\Primer_Files\Debug\Primer_Files_manifest.rc
D:\Work\ЭиУ-I\Lectures_2013\Lecture_9\Primer_Files\Debug\rc.command.1.tlog
D:\Work\ЭиУ-I\Lectures_2013\Lecture_9\Primer_Files\Debug\rc.read.1.tlog
D:\Work\ЭиУ-I\Lectures_2013\Lecture_9\Primer_Files\Debug\rc.write.1.tlog
D:\Work\ЭиУ-I\Lectures_2013\Lecture_9\Primer_Files\Debug\vc100.idb
D:\WORK\ЭИУ-I\LECTURES_2013\LECTURE_9\PRIMER_FILES\DEBUG\VC100.PDB
E:\ЭиУ-I\LECTURES_2012\LECTURE_9\PRIMER_FILES\DEBUG\FILES.OBJ
E:\ЭиУ-I\LECTURES_2012\LECTURE_9\PRIMER_FILES\DEBUG\PRIMER_FILES.EXE
E:\ЭиУ-I\LECTURES_2012\LECTURE_9\PRIMER_FILES\DEBUG\PRIMER_FILES.EXE.EMBED.MANIFEST
E:\ЭиУ-I\LECTURES_2012\LECTURE_9\PRIMER_FILES\DEBUG\PRIMER_FILES.EXE.EMBED.MANIFEST.RES
E:\ЭиУ-I\LECTURES_2012\LECTURE_9\PRIMER_FILES\DEBUG\PRIMER_FILES.EXE.INTERMEDIATE.MANIFEST
E:\ЭиУ-I\LECTURES_2012\LECTURE_9\PRIMER_FILES\DEBUG\PRIMER_FILES.ILK
E:\ЭИУ-I\LECTURES_2012\LECTURE_9\PRIMER_FILES\DEBUG\PRIMER_FILES.PDB
E:\ЭИУ-I\LECTURES_2012\LECTURE_9\PRIMER_FILES\DEBUG\VC100.PDB
