Сборка начата 13.05.2015 0:09:12.
     1>Проект "D:\Work\ЭиУ-I\Lectures_2013\Lecture_9\Primer_Files\Primer_Files.vcxproj" в узле 2 (целевые объекты build).
     1>InitializeBuildStatus:
         Создание "Debug\Primer_Files.unsuccessfulbuild", так как было задано "AlwaysCreate".
       ClCompile:
         C:\Program Files\Microsoft Visual Studio 10.0\VC\bin\CL.exe /c /ZI /nologo /W3 /WX- /Od /Oy- /D WIN32 /D _DEBUG /D _CONSOLE /D _UNICODE /D UNICODE /Gm /EHsc /RTC1 /MDd /GS /fp:precise /Zc:wchar_t /Zc:forScope /Fo"Debug\\" /Fd"Debug\vc100.pdb" /Gd /TP /analyze- /errorReport:prompt Files.cpp
         Files.cpp
     1>d:\work\эиу-i\lectures_2013\lecture_9\primer_files\files.h(18): warning C4996: 'scanf': This function or variable may be unsafe. Consider using scanf_s instead. To disable deprecation, use _CRT_SECURE_NO_WARNINGS. See online help for details.
                 c:\program files\microsoft visual studio 10.0\vc\include\stdio.h(304): см. объявление "scanf"
     1>d:\work\эиу-i\lectures_2013\lecture_9\primer_files\files.h(36): warning C4996: 'scanf': This function or variable may be unsafe. Consider using scanf_s instead. To disable deprecation, use _CRT_SECURE_NO_WARNINGS. See online help for details.
                 c:\program files\microsoft visual studio 10.0\vc\include\stdio.h(304): см. объявление "scanf"
     1>d:\work\эиу-i\lectures_2013\lecture_9\primer_files\files.h(48): warning C4996: 'fscanf': This function or variable may be unsafe. Consider using fscanf_s instead. To disable deprecation, use _CRT_SECURE_NO_WARNINGS. See online help for details.
                 c:\program files\microsoft visual studio 10.0\vc\include\stdio.h(253): см. объявление "fscanf"
     1>d:\work\эиу-i\lectures_2013\lecture_9\primer_files\files.h(49): warning C4996: 'fscanf': This function or variable may be unsafe. Consider using fscanf_s instead. To disable deprecation, use _CRT_SECURE_NO_WARNINGS. See online help for details.
                 c:\program files\microsoft visual studio 10.0\vc\include\stdio.h(253): см. объявление "fscanf"
     1>d:\work\эиу-i\lectures_2013\lecture_9\primer_files\files.h(53): warning C4996: 'fscanf': This function or variable may be unsafe. Consider using fscanf_s instead. To disable deprecation, use _CRT_SECURE_NO_WARNINGS. See online help for details.
                 c:\program files\microsoft visual studio 10.0\vc\include\stdio.h(253): см. объявление "fscanf"
     1>d:\work\эиу-i\lectures_2013\lecture_9\primer_files\files.h(75): warning C4018: <: несоответствие типов со знаком и без знака
     1>d:\work\эиу-i\lectures_2013\lecture_9\primer_files\files.cpp(24): warning C4996: 'fopen': This function or variable may be unsafe. Consider using fopen_s instead. To disable deprecation, use _CRT_SECURE_NO_WARNINGS. See online help for details.
                 c:\program files\microsoft visual studio 10.0\vc\include\stdio.h(234): см. объявление "fopen"
     1>d:\work\эиу-i\lectures_2013\lecture_9\primer_files\files.cpp(39): warning C4996: 'getch': The POSIX name for this item is deprecated. Instead, use the ISO C++ conformant name: _getch. See online help for details.
                 c:\program files\microsoft visual studio 10.0\vc\include\conio.h(128): см. объявление "getch"
     1>d:\work\эиу-i\lectures_2013\lecture_9\primer_files\files.cpp(111): warning C4996: 'scanf': This function or variable may be unsafe. Consider using scanf_s instead. To disable deprecation, use _CRT_SECURE_NO_WARNINGS. See online help for details.
                 c:\program files\microsoft visual studio 10.0\vc\include\stdio.h(304): см. объявление "scanf"
     1>d:\work\эиу-i\lectures_2013\lecture_9\primer_files\files.cpp(115): warning C4996: 'fopen': This function or variable may be unsafe. Consider using fopen_s instead. To disable deprecation, use _CRT_SECURE_NO_WARNINGS. See online help for details.
                 c:\program files\microsoft visual studio 10.0\vc\include\stdio.h(234): см. объявление "fopen"
     1>d:\work\эиу-i\lectures_2013\lecture_9\primer_files\files.cpp(125): warning C4996: 'fopen': This function or variable may be unsafe. Consider using fopen_s instead. To disable deprecation, use _CRT_SECURE_NO_WARNINGS. See online help for details.
                 c:\program files\microsoft visual studio 10.0\vc\include\stdio.h(234): см. объявление "fopen"
     1>d:\work\эиу-i\lectures_2013\lecture_9\primer_files\files.cpp(137): warning C4996: 'getch': The POSIX name for this item is deprecated. Instead, use the ISO C++ conformant name: _getch. See online help for details.
                 c:\program files\microsoft visual studio 10.0\vc\include\conio.h(128): см. объявление "getch"
     1>d:\work\эиу-i\lectures_2013\lecture_9\primer_files\files.cpp(138): warning C4996: 'getch': The POSIX name for this item is deprecated. Instead, use the ISO C++ conformant name: _getch. See online help for details.
                 c:\program files\microsoft visual studio 10.0\vc\include\conio.h(128): см. объявление "getch"
       ManifestResourceCompile:
         Для всех выходных данных обновления не требуется.
       Link:
         C:\Program Files\Microsoft Visual Studio 10.0\VC\bin\link.exe /ERRORREPORT:PROMPT /OUT:"D:\Work\ЭиУ-I\Lectures_2013\Lecture_9\Primer_Files\Debug\Primer_Files.exe" /INCREMENTAL /NOLOGO kernel32.lib user32.lib gdi32.lib winspool.lib comdlg32.lib advapi32.lib shell32.lib ole32.lib oleaut32.lib uuid.lib odbc32.lib odbccp32.lib /MANIFEST /ManifestFile:"Debug\Primer_Files.exe.intermediate.manifest" /MANIFESTUAC:"level='asInvoker' uiAccess='false'" /DEBUG /PDB:"D:\Work\ЭиУ-I\Lectures_2013\Lecture_9\Primer_Files\Debug\Primer_Files.pdb" /SUBSYSTEM:CONSOLE /TLBID:1 /DYNAMICBASE /NXCOMPAT /IMPLIB:"D:\Work\ЭиУ-I\Lectures_2013\Lecture_9\Primer_Files\Debug\Primer_Files.lib" /MACHINE:X86 Debug\Primer_Files.exe.embed.manifest.res
         Debug\Files.obj
       Manifest:
         C:\Program Files\Microsoft SDKs\Windows\v7.0A\bin\mt.exe /nologo /verbose /out:"Debug\Primer_Files.exe.embed.manifest" /manifest Debug\Primer_Files.exe.intermediate.manifest
         Для всех выходных данных обновления не требуется.
       LinkEmbedManifest:
         Для всех выходных данных обновления не требуется.
         Primer_Files.vcxproj -> D:\Work\ЭиУ-I\Lectures_2013\Lecture_9\Primer_Files\Debug\Primer_Files.exe
       FinalizeBuildStatus:
         Файл "Debug\Primer_Files.unsuccessfulbuild" удаляется.
         Обращение к "Debug\Primer_Files.lastbuildstate".
     1>Построение проекта "D:\Work\ЭиУ-I\Lectures_2013\Lecture_9\Primer_Files\Primer_Files.vcxproj" завершено (целевые объекты build).

Построение успешно завершено.

Затраченное время: 00:00:03.81
