e:\эиу-i\lectures_2012\lecture_struct\type_struct_\debug\my_main.obj
e:\эиу-i\lectures_2012\lecture_struct\type_struct_\debug\vc100.pdb
d:\эиу_i_фрагменты\lectures_2013\lecture_struct\type_struct_new\debug\vc100.pdb
i:\эиу_i_фрагменты\lectures_2013\lecture_struct\type_struct_new\debug\vc100.pdb
i:\эиу_i_фрагменты\lectures_2013\lecture_struct\type_struct_new\debug\my_main.obj
e:\эиу-i\lectures_2012\lecture_struct\type_struct_\debug\type_struct_.ilk
e:\эиу-i\lectures_2012\lecture_struct\type_struct_\debug\type_struct_.exe
e:\эиу-i\lectures_2012\lecture_struct\type_struct_\debug\type_struct_.exe.intermediate.manifest
e:\эиу-i\lectures_2012\lecture_struct\type_struct_\debug\type_struct_.pdb
i:\эиу_i_фрагменты\lectures_2013\lecture_struct\type_struct_new\debug\type_struct_.ilk
i:\эиу_i_фрагменты\lectures_2013\lecture_struct\type_struct_new\debug\type_struct_.exe
i:\эиу_i_фрагменты\lectures_2013\lecture_struct\type_struct_new\debug\type_struct_.exe.intermediate.manifest
i:\эиу_i_фрагменты\lectures_2013\lecture_struct\type_struct_new\debug\type_struct_.pdb
c:\users\e_konova\desktop\lecture_struct\type_struct_new\debug\vc120.pdb
c:\users\e_konova\desktop\lecture_struct\type_struct_new\debug\vc120.idb
c:\users\e_konova\desktop\lecture_struct\type_struct_new\debug\my_main.obj
c:\users\e_konova\desktop\lecture_struct\type_struct_new\debug\type_struct_.vcxprojresolveassemblyreference.cache
c:\users\e_konova\desktop\lecture_struct\type_struct_new\debug\cl.command.1.tlog
c:\users\e_konova\desktop\lecture_struct\type_struct_new\debug\cl.read.1.tlog
c:\users\e_konova\desktop\lecture_struct\type_struct_new\debug\cl.write.1.tlog
c:\users\e_konova\desktop\lecture_struct\type_struct_new\debug\link.command.1.tlog
c:\users\e_konova\desktop\lecture_struct\type_struct_new\debug\link.read.1.tlog
c:\users\e_konova\desktop\lecture_struct\type_struct_new\debug\link.write.1.tlog
c:\users\e_konova\desktop\lecture_struct\type_struct_new\debug\mt.command.1.tlog
c:\users\e_konova\desktop\lecture_struct\type_struct_new\debug\mt.read.1.tlog
c:\users\e_konova\desktop\lecture_struct\type_struct_new\debug\mt.write.1.tlog
c:\users\e_konova\desktop\lecture_struct\type_struct_new\debug\type_struct_.write.1.tlog
c:\users\e_konova\desktop\lecture_struct\type_struct_new\debug\type_struct_.exe.intermediate.manifest
c:\users\e_konova\desktop\lecture_struct\type_struct_new\debug\vc100.idb
c:\users\e_konova\desktop\lecture_struct\type_struct_new\debug\type_struct_.pdb
c:\users\e_konova\desktop\lecture_struct\type_struct_new\debug\vc100.pdb
c:\users\e_konova\desktop\lecture_struct\type_struct_new\debug\type_struct_.tlog\cl.command.1.tlog
c:\users\e_konova\desktop\lecture_struct\type_struct_new\debug\type_struct_.tlog\cl.read.1.tlog
c:\users\e_konova\desktop\lecture_struct\type_struct_new\debug\type_struct_.tlog\cl.write.1.tlog
c:\users\e_konova\desktop\lecture_struct\type_struct_new\debug\type_struct_.tlog\link-cvtres.read.1.tlog
c:\users\e_konova\desktop\lecture_struct\type_struct_new\debug\type_struct_.tlog\link-cvtres.write.1.tlog
c:\users\e_konova\desktop\lecture_struct\type_struct_new\debug\type_struct_.tlog\link-rc.read.1.tlog
c:\users\e_konova\desktop\lecture_struct\type_struct_new\debug\type_struct_.tlog\link-rc.write.1.tlog
c:\users\e_konova\desktop\lecture_struct\type_struct_new\debug\type_struct_.tlog\link.command.1.tlog
c:\users\e_konova\desktop\lecture_struct\type_struct_new\debug\type_struct_.tlog\link.read.1.tlog
c:\users\e_konova\desktop\lecture_struct\type_struct_new\debug\type_struct_.tlog\link.write.1.tlog
